<?xml version="1.0" encoding="UTF-8"?>
<testng-results skipped="0" failed="1" ignored="0" total="5" passed="4">
  <reporter-output>
  </reporter-output>
  <suite name="Suite" duration-ms="20109" started-at="2021-07-31T20:03:51 IST" finished-at="2021-07-31T20:04:11 IST">
    <groups>
    </groups>
    <test name="App Test" duration-ms="15" started-at="2021-07-31T20:03:51 IST" finished-at="2021-07-31T20:03:51 IST">
    </test> <!-- App Test -->
    <test name="Valiate title" duration-ms="14950" started-at="2021-07-31T20:03:51 IST" finished-at="2021-07-31T20:04:06 IST">
      <class name="Academy.ValidateTitle">
        <test-method status="PASS" signature="initialize()[pri:0, instance:Academy.ValidateTitle@512baff6]" name="initialize" is-config="true" duration-ms="13237" started-at="2021-07-31T20:03:51 IST" finished-at="2021-07-31T20:04:05 IST">
          <reporter-output>
          </reporter-output>
        </test-method> <!-- initialize -->
        <test-method status="FAIL" signature="validateAppTitle()[pri:0, instance:Academy.ValidateTitle@512baff6]" name="validateAppTitle" duration-ms="240" started-at="2021-07-31T20:04:05 IST" finished-at="2021-07-31T20:04:05 IST">
          <exception class="java.lang.AssertionError">
            <message>
              <![CDATA[expected [FEATURED COURSES123] but found [FEATURED COURSES]]]>
            </message>
            <full-stacktrace>
              <![CDATA[java.lang.AssertionError: expected [FEATURED COURSES123] but found [FEATURED COURSES]
at org.testng.Assert.fail(Assert.java:99)
at org.testng.Assert.failNotEquals(Assert.java:1037)
at org.testng.Assert.assertEqualsImpl(Assert.java:140)
at org.testng.Assert.assertEquals(Assert.java:122)
at org.testng.Assert.assertEquals(Assert.java:629)
at org.testng.Assert.assertEquals(Assert.java:639)
at Academy.ValidateTitle.validateAppTitle(ValidateTitle.java:33)
at sun.reflect.NativeMethodAccessorImpl.invoke0(Native Method)
at sun.reflect.NativeMethodAccessorImpl.invoke(NativeMethodAccessorImpl.java:62)
at sun.reflect.DelegatingMethodAccessorImpl.invoke(DelegatingMethodAccessorImpl.java:43)
at java.lang.reflect.Method.invoke(Method.java:498)
at org.testng.internal.MethodInvocationHelper.invokeMethod(MethodInvocationHelper.java:133)
at org.testng.internal.TestInvoker.invokeMethod(TestInvoker.java:598)
at org.testng.internal.TestInvoker.invokeTestMethod(TestInvoker.java:173)
at org.testng.internal.MethodRunner.runInSequence(MethodRunner.java:46)
at org.testng.internal.TestInvoker$MethodInvocationAgent.invoke(TestInvoker.java:824)
at org.testng.internal.TestInvoker.invokeTestMethods(TestInvoker.java:146)
at org.testng.internal.TestMethodWorker.invokeTestMethods(TestMethodWorker.java:146)
at org.testng.internal.TestMethodWorker.run(TestMethodWorker.java:128)
at java.util.ArrayList.forEach(ArrayList.java:1259)
at org.testng.TestRunner.privateRun(TestRunner.java:794)
at org.testng.TestRunner.run(TestRunner.java:596)
at org.testng.SuiteRunner.runTest(SuiteRunner.java:377)
at org.testng.SuiteRunner.access$000(SuiteRunner.java:28)
at org.testng.SuiteRunner$SuiteWorker.run(SuiteRunner.java:418)
at org.testng.internal.thread.ThreadUtil.lambda$execute$0(ThreadUtil.java:64)
at java.util.concurrent.FutureTask.run(FutureTask.java:266)
at java.util.concurrent.ThreadPoolExecutor.runWorker(ThreadPoolExecutor.java:1149)
at java.util.concurrent.ThreadPoolExecutor$Worker.run(ThreadPoolExecutor.java:624)
at java.lang.Thread.run(Thread.java:748)
]]>
            </full-stacktrace>
          </exception> <!-- java.lang.AssertionError -->
          <reporter-output>
          </reporter-output>
        </test-method> <!-- validateAppTitle -->
        <test-method status="PASS" signature="validateHeader()[pri:0, instance:Academy.ValidateTitle@512baff6]" name="validateHeader" duration-ms="163" started-at="2021-07-31T20:04:06 IST" finished-at="2021-07-31T20:04:06 IST">
          <reporter-output>
          </reporter-output>
        </test-method> <!-- validateHeader -->
        <test-method status="PASS" signature="tearDown()[pri:0, instance:Academy.ValidateTitle@512baff6]" name="tearDown" is-config="true" duration-ms="113" started-at="2021-07-31T20:04:06 IST" finished-at="2021-07-31T20:04:06 IST">
          <reporter-output>
          </reporter-output>
        </test-method> <!-- tearDown -->
      </class> <!-- Academy.ValidateTitle -->
    </test> <!-- Valiate title -->
    <test name="Vaidate navigation bar" duration-ms="15731" started-at="2021-07-31T20:03:51 IST" finished-at="2021-07-31T20:04:07 IST">
      <class name="Academy.ValidateNavigationBar">
        <test-method status="PASS" signature="initialize()[pri:0, instance:Academy.ValidateNavigationBar@74589991]" name="initialize" is-config="true" duration-ms="15318" started-at="2021-07-31T20:03:51 IST" finished-at="2021-07-31T20:04:07 IST">
          <reporter-output>
          </reporter-output>
        </test-method> <!-- initialize -->
        <test-method status="PASS" signature="validateNavigationbar()[pri:0, instance:Academy.ValidateNavigationBar@74589991]" name="validateNavigationbar" duration-ms="112" started-at="2021-07-31T20:04:07 IST" finished-at="2021-07-31T20:04:07 IST">
          <reporter-output>
          </reporter-output>
        </test-method> <!-- validateNavigationbar -->
        <test-method status="PASS" signature="tearDown()[pri:0, instance:Academy.ValidateNavigationBar@74589991]" name="tearDown" is-config="true" duration-ms="291" started-at="2021-07-31T20:04:07 IST" finished-at="2021-07-31T20:04:07 IST">
          <reporter-output>
          </reporter-output>
        </test-method> <!-- tearDown -->
      </class> <!-- Academy.ValidateNavigationBar -->
    </test> <!-- Vaidate navigation bar -->
    <test name="Validate User login" duration-ms="20076" started-at="2021-07-31T20:03:51 IST" finished-at="2021-07-31T20:04:11 IST">
      <class name="Academy.HomePage">
        <test-method status="PASS" signature="initialize()[pri:0, instance:Academy.HomePage@2fd953a6]" name="initialize" is-config="true" duration-ms="3556" started-at="2021-07-31T20:03:51 IST" finished-at="2021-07-31T20:03:55 IST">
          <reporter-output>
          </reporter-output>
        </test-method> <!-- initialize -->
        <test-method status="PASS" signature="basePageNavigation(java.lang.String,java.lang.String,java.lang.String)[pri:0, instance:Academy.HomePage@2fd953a6]" name="basePageNavigation" duration-ms="13316" started-at="2021-07-31T20:03:55 IST" data-provider="getData" finished-at="2021-07-31T20:04:08 IST">
          <params>
            <param index="0">
              <value>
                <![CDATA[nonrestrices@gmail.com]]>
              </value>
            </param>
            <param index="1">
              <value>
                <![CDATA[3242342343]]>
              </value>
            </param>
            <param index="2">
              <value>
                <![CDATA[Nitin]]>
              </value>
            </param>
          </params>
          <reporter-output>
          </reporter-output>
        </test-method> <!-- basePageNavigation -->
        <test-method status="PASS" signature="basePageNavigation(java.lang.String,java.lang.String,java.lang.String)[pri:0, instance:Academy.HomePage@2fd953a6]" name="basePageNavigation" duration-ms="3014" started-at="2021-07-31T20:04:08 IST" data-provider="getData" finished-at="2021-07-31T20:04:11 IST">
          <params>
            <param index="0">
              <value>
                <![CDATA[restrices@gmail.com]]>
              </value>
            </param>
            <param index="1">
              <value>
                <![CDATA[54344435345]]>
              </value>
            </param>
            <param index="2">
              <value>
                <![CDATA[Ayush]]>
              </value>
            </param>
          </params>
          <reporter-output>
          </reporter-output>
        </test-method> <!-- basePageNavigation -->
        <test-method status="PASS" signature="tearDown()[pri:0, instance:Academy.HomePage@2fd953a6]" name="tearDown" is-config="true" duration-ms="138" started-at="2021-07-31T20:04:11 IST" finished-at="2021-07-31T20:04:11 IST">
          <reporter-output>
          </reporter-output>
        </test-method> <!-- tearDown -->
      </class> <!-- Academy.HomePage -->
    </test> <!-- Validate User login -->
  </suite> <!-- Suite -->
</testng-results>
